<?xml version="1.0" encoding="UTF-8" ?>
<testsuite errors="0" failures="0" hostname="LAPTOP-QJPOCRT2" name="adactin_Hotel.CancelSlctdOk_BookedItenary" skipped="0" tests="1" time="19.457" timestamp="2024-07-04T00:53:09">
  <properties>
    <property name="ant.library.dir" value="C:\Users\gokil\.p2\pool\plugins\org.apache.ant_1.10.14.v20230922-1200\lib" />
    <property name="env.NUMBER_OF_PROCESSORS" value="8" />
    <property name="env.USERPROFILE" value="C:\Users\gokil" />
    <property name="java.specification.version" value="22" />
    <property name="ant.project.name" value="Adactin" />
    <property name="sun.cpu.isalist" value="amd64" />
    <property name="sun.jnu.encoding" value="Cp1252" />
    <property name="sun.arch.data.model" value="64" />
    <property name="debuglevel" value="source,lines,vars" />
    <property name="java.vendor.url" value="https://java.oracle.com/" />
    <property name="env.CommonProgramW6432" value="C:\Program Files\Common Files" />
    <property name="env.OS" value="Windows_NT" />
    <property name="sun.boot.library.path" value="C:\Users\gokil\Documents\lib\jdk-22\bin" />
    <property name="sun.java.command" value="org.apache.tools.ant.taskdefs.optional.junit.JUnitTestRunner adactin_Hotel.CancelSlctdOk_BookedItenary skipNonTests=false filtertrace=true haltOnError=false haltOnFailure=false formatter=org.apache.tools.ant.taskdefs.optional.junit.OutErrSummaryJUnitResultFormatter showoutput=false outputtoformatters=true logfailedtests=true threadid=0 logtestlistenerevents=false formatter=org.apache.tools.ant.taskdefs.optional.junit.XMLJUnitResultFormatter,C:\Users\gokil\eclipse-workspace\Adactin\junit\TEST-adactin_Hotel.CancelSlctdOk_BookedItenary.xml crashfile=C:\Users\gokil\eclipse-workspace\Adactin\junitvmwatcher14593651802546026475.properties propsfile=C:\Users\gokil\eclipse-workspace\Adactin\junit1691265856774628344.properties" />
    <property name="jdk.debug" value="release" />
    <property name="env.ComSpec" value="C:\WINDOWS\system32\cmd.exe" />
    <property name="java.specification.vendor" value="Oracle Corporation" />
    <property name="java.version.date" value="2024-04-16" />
    <property name="env.JAVA_HOME" value="C:\Users\gokil\Documents\lib\jdk-22" />
    <property name="java.home" value="C:\Users\gokil\Documents\lib\jdk-22" />
    <property name="basedir" value="C:\Users\gokil\eclipse-workspace\Adactin" />
    <property name="env.ProgramFiles" value="C:\Program Files" />
    <property name="file.separator" value="\" />
    <property name="java.vm.compressedOopsMode" value="32-bit" />
    <property name="line.separator" value="&#xd;&#xa;" />
    <property name="java.specification.name" value="Java Platform API Specification" />
    <property name="java.vm.specification.vendor" value="Oracle Corporation" />
    <property name="ant.file.Adactin" value="C:\Users\gokil\eclipse-workspace\Adactin\build.xml" />
    <property name="env.LOCALAPPDATA" value="C:\Users\gokil\AppData\Local" />
    <property name="env.USERDOMAIN_ROAMINGPROFILE" value="LAPTOP-QJPOCRT2" />
    <property name="env.PROCESSOR_REVISION" value="a502" />
    <property name="env.__PSLockDownPolicy" value="0" />
    <property name="user.script" value="" />
    <property name="env.PSModulePath" value="C:\Program Files\WindowsPowerShell\Modules;C:\WINDOWS\system32\WindowsPowerShell\v1.0\Modules" />
    <property name="sun.management.compiler" value="HotSpot 64-Bit Tiered Compilers" />
    <property name="env.PROCESSOR_IDENTIFIER" value="Intel64 Family 6 Model 165 Stepping 2, GenuineIntel" />
    <property name="java.runtime.version" value="22.0.1+8-16" />
    <property name="user.name" value="gokil" />
    <property name="env.DriverData" value="C:\Windows\System32\Drivers\DriverData" />
    <property name="env.ProgramW6432" value="C:\Program Files" />
    <property name="env.CommonProgramFiles" value="C:\Program Files\Common Files" />
    <property name="env.PUBLIC" value="C:\Users\Public" />
    <property name="file.encoding" value="UTF-8" />
    <property name="env.COMPUTERNAME" value="LAPTOP-QJPOCRT2" />
    <property name="env.HOMEPATH" value="\Users\gokil" />
    <property name="env.APPDATA" value="C:\Users\gokil\AppData\Roaming" />
    <property name="env.SystemDrive" value="C:" />
    <property name="env.ProgramData" value="C:\ProgramData" />
    <property name="java.io.tmpdir" value="C:\Users\gokil\AppData\Local\Temp\" />
    <property name="java.version" value="22.0.1" />
    <property name="env.Path" value="C:\Program Files\Common Files\Oracle\Java\javapath;C:\Windows\system32;C:\Windows;C:\Windows\System32\Wbem;C:\Windows\System32\WindowsPowerShell\v1.0\;C:\Windows\System32\OpenSSH\;C:\Program Files (x86)\NVIDIA Corporation\PhysX\Common;C:\Program Files\NVIDIA Corporation\NVIDIA NvDLISR;C:\WINDOWS\system32;C:\WINDOWS;C:\WINDOWS\System32\Wbem;C:\WINDOWS\System32\WindowsPowerShell\v1.0\;C:\WINDOWS\System32\OpenSSH\;C:\Users\gokil\AppData\Local\Microsoft\WindowsApps;" />
    <property name="env.HOMEDRIVE" value="C:" />
    <property name="env.PROCESSOR_LEVEL" value="6" />
    <property name="env.TMP" value="C:\Users\gokil\AppData\Local\Temp" />
    <property name="java.vm.specification.name" value="Java Virtual Machine Specification" />
    <property name="ant.home" value="C:\Users\gokil\.p2\pool\plugins\org.apache.ant_1.10.14.v20230922-1200" />
    <property name="sun.os.patch.level" value="" />
    <property name="junit.output.dir" value="junit" />
    <property name="native.encoding" value="Cp1252" />
    <property name="ant.version" value="Apache Ant(TM) version 1.10.14 compiled on August 16 2023" />
    <property name="java.library.path" value="C:\Users\gokil\Documents\lib\jdk-22\bin;C:\WINDOWS\Sun\Java\bin;C:\WINDOWS\system32;C:\WINDOWS;C:\Program Files\Common Files\Oracle\Java\javapath;C:\Windows\system32;C:\Windows;C:\Windows\System32\Wbem;C:\Windows\System32\WindowsPowerShell\v1.0\;C:\Windows\System32\OpenSSH\;C:\Program Files (x86)\NVIDIA Corporation\PhysX\Common;C:\Program Files\NVIDIA Corporation\NVIDIA NvDLISR;C:\WINDOWS\system32;C:\WINDOWS;C:\WINDOWS\System32\Wbem;C:\WINDOWS\System32\WindowsPowerShell\v1.0\;C:\WINDOWS\System32\OpenSSH\;C:\Users\gokil\AppData\Local\Microsoft\WindowsApps;;." />
    <property name="java.vendor" value="Oracle Corporation" />
    <property name="stderr.encoding" value="Cp1252" />
    <property name="env.LOGONSERVER" value="\\LAPTOP-QJPOCRT2" />
    <property name="sun.io.unicode.encoding" value="UnicodeLittle" />
    <property name="java.class.path" value="C:\Users\gokil\eclipse-workspace\Adactin\bin;C:\Users\gokil\Documents\lib\selenium-java-4.21.0\auto-service-annotations-1.1.1.jar;C:\Users\gokil\Documents\lib\selenium-java-4.21.0\auto-service-annotations-1.1.1-sources.jar;C:\Users\gokil\Documents\lib\selenium-java-4.21.0\byte-buddy-1.14.15.jar;C:\Users\gokil\Documents\lib\selenium-java-4.21.0\byte-buddy-1.14.15-sources.jar;C:\Users\gokil\Documents\lib\selenium-java-4.21.0\checker-qual-3.42.0.jar;C:\Users\gokil\Documents\lib\selenium-java-4.21.0\checker-qual-3.42.0-sources.jar;C:\Users\gokil\Documents\lib\selenium-java-4.21.0\commons-exec-1.4.0.jar;C:\Users\gokil\Documents\lib\selenium-java-4.21.0\commons-exec-1.4.0-sources.jar;C:\Users\gokil\Documents\lib\selenium-java-4.21.0\error_prone_annotations-2.26.1.jar;C:\Users\gokil\Documents\lib\selenium-java-4.21.0\error_prone_annotations-2.26.1-sources.jar;C:\Users\gokil\Documents\lib\selenium-java-4.21.0\failsafe-3.3.2.jar;C:\Users\gokil\Documents\lib\selenium-java-4.21.0\failsafe-3.3.2-sources.jar;C:\Users\gokil\Documents\lib\selenium-java-4.21.0\failureaccess-1.0.2.jar;C:\Users\gokil\Documents\lib\selenium-java-4.21.0\failureaccess-1.0.2-sources.jar;C:\Users\gokil\Documents\lib\selenium-java-4.21.0\guava-33.2.0-jre.jar;C:\Users\gokil\Documents\lib\selenium-java-4.21.0\guava-33.2.0-jre-sources.jar;C:\Users\gokil\Documents\lib\selenium-java-4.21.0\j2objc-annotations-3.0.0.jar;C:\Users\gokil\Documents\lib\selenium-java-4.21.0\j2objc-annotations-3.0.0-sources.jar;C:\Users\gokil\Documents\lib\selenium-java-4.21.0\jsr305-3.0.2.jar;C:\Users\gokil\Documents\lib\selenium-java-4.21.0\jsr305-3.0.2-sources.jar;C:\Users\gokil\Documents\lib\selenium-java-4.21.0\listenablefuture-9999.0-empty-to-avoid-conflict-with-guava.jar;C:\Users\gokil\Documents\lib\selenium-java-4.21.0\opentelemetry-api-1.38.0.jar;C:\Users\gokil\Documents\lib\selenium-java-4.21.0\opentelemetry-api-1.38.0-sources.jar;C:\Users\gokil\Documents\lib\selenium-java-4.21.0\opentelemetry-api-incubator-1.38.0-alpha.jar;C:\Users\gokil\Documents\lib\selenium-java-4.21.0\opentelemetry-api-incubator-1.38.0-alpha-sources.jar;C:\Users\gokil\Documents\lib\selenium-java-4.21.0\opentelemetry-context-1.38.0.jar;C:\Users\gokil\Documents\lib\selenium-java-4.21.0\opentelemetry-context-1.38.0-sources.jar;C:\Users\gokil\Documents\lib\selenium-java-4.21.0\opentelemetry-exporter-logging-1.38.0.jar;C:\Users\gokil\Documents\lib\selenium-java-4.21.0\opentelemetry-exporter-logging-1.38.0-sources.jar;C:\Users\gokil\Documents\lib\selenium-java-4.21.0\opentelemetry-sdk-1.38.0.jar;C:\Users\gokil\Documents\lib\selenium-java-4.21.0\opentelemetry-sdk-1.38.0-sources.jar;C:\Users\gokil\Documents\lib\selenium-java-4.21.0\opentelemetry-sdk-common-1.38.0.jar;C:\Users\gokil\Documents\lib\selenium-java-4.21.0\opentelemetry-sdk-common-1.38.0-sources.jar;C:\Users\gokil\Documents\lib\selenium-java-4.21.0\opentelemetry-sdk-extension-autoconfigure-1.38.0.jar;C:\Users\gokil\Documents\lib\selenium-java-4.21.0\opentelemetry-sdk-extension-autoconfigure-1.38.0-sources.jar;C:\Users\gokil\Documents\lib\selenium-java-4.21.0\opentelemetry-sdk-extension-autoconfigure-spi-1.38.0.jar;C:\Users\gokil\Documents\lib\selenium-java-4.21.0\opentelemetry-sdk-extension-autoconfigure-spi-1.38.0-sources.jar;C:\Users\gokil\Documents\lib\selenium-java-4.21.0\opentelemetry-sdk-logs-1.38.0.jar;C:\Users\gokil\Documents\lib\selenium-java-4.21.0\opentelemetry-sdk-logs-1.38.0-sources.jar;C:\Users\gokil\Documents\lib\selenium-java-4.21.0\opentelemetry-sdk-metrics-1.38.0.jar;C:\Users\gokil\Documents\lib\selenium-java-4.21.0\opentelemetry-sdk-metrics-1.38.0-sources.jar;C:\Users\gokil\Documents\lib\selenium-java-4.21.0\opentelemetry-sdk-trace-1.38.0.jar;C:\Users\gokil\Documents\lib\selenium-java-4.21.0\opentelemetry-sdk-trace-1.38.0-sources.jar;C:\Users\gokil\Documents\lib\selenium-java-4.21.0\opentelemetry-semconv-1.25.0-alpha.jar;C:\Users\gokil\Documents\lib\selenium-java-4.21.0\opentelemetry-semconv-1.25.0-alpha-sources.jar;C:\Users\gokil\Documents\lib\selenium-java-4.21.0\selenium-api-4.21.0.jar;C:\Users\gokil\Documents\lib\selenium-java-4.21.0\selenium-api-4.21.0-sources.jar;C:\Users\gokil\Documents\lib\selenium-java-4.21.0\selenium-chrome-driver-4.21.0.jar;C:\Users\gokil\Documents\lib\selenium-java-4.21.0\selenium-chrome-driver-4.21.0-sources.jar;C:\Users\gokil\Documents\lib\selenium-java-4.21.0\selenium-chromium-driver-4.21.0.jar;C:\Users\gokil\Documents\lib\selenium-java-4.21.0\selenium-chromium-driver-4.21.0-sources.jar;C:\Users\gokil\Documents\lib\selenium-java-4.21.0\selenium-devtools-v85-4.21.0.jar;C:\Users\gokil\Documents\lib\selenium-java-4.21.0\selenium-devtools-v85-4.21.0-sources.jar;C:\Users\gokil\Documents\lib\selenium-java-4.21.0\selenium-devtools-v123-4.21.0.jar;C:\Users\gokil\Documents\lib\selenium-java-4.21.0\selenium-devtools-v123-4.21.0-sources.jar;C:\Users\gokil\Documents\lib\selenium-java-4.21.0\selenium-devtools-v124-4.21.0.jar;C:\Users\gokil\Documents\lib\selenium-java-4.21.0\selenium-devtools-v124-4.21.0-sources.jar;C:\Users\gokil\Documents\lib\selenium-java-4.21.0\selenium-devtools-v125-4.21.0.jar;C:\Users\gokil\Documents\lib\selenium-java-4.21.0\selenium-devtools-v125-4.21.0-sources.jar;C:\Users\gokil\Documents\lib\selenium-java-4.21.0\selenium-edge-driver-4.21.0.jar;C:\Users\gokil\Documents\lib\selenium-java-4.21.0\selenium-edge-driver-4.21.0-sources.jar;C:\Users\gokil\Documents\lib\selenium-java-4.21.0\selenium-firefox-driver-4.21.0.jar;C:\Users\gokil\Documents\lib\selenium-java-4.21.0\selenium-firefox-driver-4.21.0-sources.jar;C:\Users\gokil\Documents\lib\selenium-java-4.21.0\selenium-http-4.21.0.jar;C:\Users\gokil\Documents\lib\selenium-java-4.21.0\selenium-http-4.21.0-sources.jar;C:\Users\gokil\Documents\lib\selenium-java-4.21.0\selenium-ie-driver-4.21.0.jar;C:\Users\gokil\Documents\lib\selenium-java-4.21.0\selenium-ie-driver-4.21.0-sources.jar;C:\Users\gokil\Documents\lib\selenium-java-4.21.0\selenium-java-4.21.0.jar;C:\Users\gokil\Documents\lib\selenium-java-4.21.0\selenium-java-4.21.0-sources.jar;C:\Users\gokil\Documents\lib\selenium-java-4.21.0\selenium-json-4.21.0.jar;C:\Users\gokil\Documents\lib\selenium-java-4.21.0\selenium-json-4.21.0-sources.jar;C:\Users\gokil\Documents\lib\selenium-java-4.21.0\selenium-manager-4.21.0.jar;C:\Users\gokil\Documents\lib\selenium-java-4.21.0\selenium-manager-4.21.0-sources.jar;C:\Users\gokil\Documents\lib\selenium-java-4.21.0\selenium-os-4.21.0.jar;C:\Users\gokil\Documents\lib\selenium-java-4.21.0\selenium-os-4.21.0-sources.jar;C:\Users\gokil\Documents\lib\selenium-java-4.21.0\selenium-remote-driver-4.21.0.jar;C:\Users\gokil\Documents\lib\selenium-java-4.21.0\selenium-remote-driver-4.21.0-sources.jar;C:\Users\gokil\Documents\lib\selenium-java-4.21.0\selenium-safari-driver-4.21.0.jar;C:\Users\gokil\Documents\lib\selenium-java-4.21.0\selenium-safari-driver-4.21.0-sources.jar;C:\Users\gokil\Documents\lib\selenium-java-4.21.0\selenium-support-4.21.0.jar;C:\Users\gokil\Documents\lib\selenium-java-4.21.0\selenium-support-4.21.0-sources.jar;C:\Users\gokil\Documents\lib\junit-4.13.2.jar;C:\Users\gokil\Downloads\hamcrest-core-1.3.jar;C:\Users\gokil\Downloads\junit-4.13.2.jar;C:\Users\gokil\eclipse-workspace\Adactin;C:\Users\gokil\.p2\pool\plugins\org.apache.ant_1.10.14.v20230922-1200\lib\ant-launcher.jar;C:\Users\gokil\.p2\pool\plugins\org.apache.ant_1.10.14.v20230922-1200\lib\ant.jar;C:\Users\gokil\.p2\pool\plugins\org.apache.ant_1.10.14.v20230922-1200\lib\ant-junit.jar;C:\Users\gokil\.p2\pool\plugins\org.apache.ant_1.10.14.v20230922-1200\lib\ant-junit4.jar" />
    <property name="source" value="22" />
    <property name="java.vm.vendor" value="Oracle Corporation" />
    <property name="env.PROCESSOR_ARCHITECTURE" value="AMD64" />
    <property name="env.CLASSPATH" value="%CLASSPATH%;C:\Users\gokil\.p2\pool\plugins\JUnit4.10.jar;.;" />
    <property name="user.variant" value="" />
    <property name="env.SystemRoot" value="C:\WINDOWS" />
    <property name="java.vm.specification.version" value="22" />
    <property name="os.name" value="Windows 11" />
    <property name="sun.java.launcher" value="SUN_STANDARD" />
    <property name="user.country" value="IN" />
    <property name="env.USERDOMAIN" value="LAPTOP-QJPOCRT2" />
    <property name="env.=::" value="::\" />
    <property name="sun.cpu.endian" value="little" />
    <property name="user.home" value="C:\Users\gokil" />
    <property name="user.language" value="en" />
    <property name="env.ALLUSERSPROFILE" value="C:\ProgramData" />
    <property name="ant.java.version" value="22" />
    <property name="env.SESSIONNAME" value="Console" />
    <property name="env.ANT_HOME" value="C:\Users\gokil\.p2\pool\plugins\org.apache.ant_1.10.14.v20230922-1200" />
    <property name="env.windir" value="C:\WINDOWS" />
    <property name="java.security.manager" value="allow" />
    <property name="ant.file" value="C:\Users\gokil\eclipse-workspace\Adactin\build.xml" />
    <property name="stdout.encoding" value="Cp1252" />
    <property name="path.separator" value=";" />
    <property name="os.version" value="10.0" />
    <property name="env.CommonProgramFiles(x86)" value="C:\Program Files (x86)\Common Files" />
    <property name="java.runtime.name" value="Java(TM) SE Runtime Environment" />
    <property name="env.PATHEXT" value=".COM;.EXE;.BAT;.CMD;.VBS;.VBE;.JS;.JSE;.WSF;.WSH;.MSC" />
    <property name="ant.project.invoked-targets" value="CancelSlctdOk_BookedItenary (1),junitreport" />
    <property name="java.vm.name" value="Java HotSpot(TM) 64-Bit Server VM" />
    <property name="ant.file.type.Adactin" value="file" />
    <property name="env.JUNIT_HOME" value="C:\Users\gokil\.p2\pool\plugins" />
    <property name="ant.core.lib" value="C:\Users\gokil\.p2\pool\plugins\org.apache.ant_1.10.14.v20230922-1200\lib\ant.jar" />
    <property name="java.vendor.url.bug" value="https://bugreport.java.com/bugreport/" />
    <property name="env.EFC_34272" value="1" />
    <property name="user.dir" value="C:\Users\gokil\eclipse-workspace\Adactin" />
    <property name="env.USERNAME" value="gokil" />
    <property name="os.arch" value="amd64" />
    <property name="env.OneDriveConsumer" value="C:\Users\gokil\OneDrive" />
    <property name="target" value="22" />
    <property name="env.ProgramFiles(x86)" value="C:\Program Files (x86)" />
    <property name="java.vm.info" value="mixed mode, sharing" />
    <property name="java.vm.version" value="22.0.1+8-16" />
    <property name="env.TEMP" value="C:\Users\gokil\AppData\Local\Temp" />
    <property name="java.class.version" value="66.0" />
    <property name="env.OneDrive" value="C:\Users\gokil\OneDrive" />
    <property name="ant.project.default-target" value="build" />
  </properties>
  <testcase classname="adactin_Hotel.CancelSlctdOk_BookedItenary" name="main" time="19.32" />
  <system-out><![CDATA[Adactin.com - Select Hotel
Unable to find element with locator By.id: my_itinerary
For documentation on this error, please visit: https://www.selenium.dev/documentation/webdriver/troubleshooting/errors#no-such-element-exception
Build info: version: '4.21.0', revision: '79ed462ef4'
System info: os.name: 'Windows 11', os.arch: 'amd64', os.version: '10.0', java.version: '22.0.1'
Driver info: driver.version: RemoteWebDriver
]]></system-out>
  <system-err><![CDATA[Jul 04, 2024 10:53:13 AM org.openqa.selenium.devtools.CdpVersionFinder findNearestMatch
WARNING: Unable to find an exact match for CDP version 126, returning the closest version; found: 125; Please update to a Selenium version that supports CDP version 126
org.openqa.selenium.NoSuchElementException: Unable to find element with locator By.id: my_itinerary
For documentation on this error, please visit: https://www.selenium.dev/documentation/webdriver/troubleshooting/errors#no-such-element-exception
Build info: version: '4.21.0', revision: '79ed462ef4'
System info: os.name: 'Windows 11', os.arch: 'amd64', os.version: '10.0', java.version: '22.0.1'
Driver info: driver.version: RemoteWebDriver
	at org.openqa.selenium.remote.ElementLocation$ElementFinder$2.findElement(ElementLocation.java:168)
	at org.openqa.selenium.remote.ElementLocation.findElement(ElementLocation.java:59)
	at org.openqa.selenium.remote.RemoteWebDriver.findElement(RemoteWebDriver.java:355)
	at org.openqa.selenium.remote.RemoteWebDriver.findElement(RemoteWebDriver.java:349)
	at adactin_Hotel.CancelSlctdOk_BookedItenary.main(CancelSlctdOk_BookedItenary.java:47)
	at java.base/jdk.internal.reflect.DirectMethodHandleAccessor.invoke(DirectMethodHandleAccessor.java:103)
	at java.base/java.lang.reflect.Method.invoke(Method.java:580)
	at org.junit.runners.model.FrameworkMethod$1.runReflectiveCall(FrameworkMethod.java:59)
	at org.junit.internal.runners.model.ReflectiveCallable.run(ReflectiveCallable.java:12)
	at org.junit.runners.model.FrameworkMethod.invokeExplosively(FrameworkMethod.java:56)
	at org.junit.internal.runners.statements.InvokeMethod.evaluate(InvokeMethod.java:17)
	at org.junit.runners.ParentRunner$3.evaluate(ParentRunner.java:306)
	at org.junit.runners.BlockJUnit4ClassRunner$1.evaluate(BlockJUnit4ClassRunner.java:100)
	at org.junit.runners.ParentRunner.runLeaf(ParentRunner.java:366)
	at org.junit.runners.BlockJUnit4ClassRunner.runChild(BlockJUnit4ClassRunner.java:103)
	at org.junit.runners.BlockJUnit4ClassRunner.runChild(BlockJUnit4ClassRunner.java:63)
	at org.junit.runners.ParentRunner$4.run(ParentRunner.java:331)
	at org.junit.runners.ParentRunner$1.schedule(ParentRunner.java:79)
	at org.junit.runners.ParentRunner.runChildren(ParentRunner.java:329)
	at org.junit.runners.ParentRunner.access$100(ParentRunner.java:66)
	at org.junit.runners.ParentRunner$2.evaluate(ParentRunner.java:293)
	at org.junit.runners.ParentRunner$3.evaluate(ParentRunner.java:306)
	at org.junit.runners.ParentRunner.run(ParentRunner.java:413)
	at junit.framework.JUnit4TestAdapter.run(JUnit4TestAdapter.java:50)
	at org.apache.tools.ant.taskdefs.optional.junit.JUnitTestRunner.run(JUnitTestRunner.java:535)
	at org.apache.tools.ant.taskdefs.optional.junit.JUnitTestRunner.launch(JUnitTestRunner.java:1197)
	at org.apache.tools.ant.taskdefs.optional.junit.JUnitTestRunner.main(JUnitTestRunner.java:1042)
]]></system-err>
</testsuite>
